0 verbose cli /usr/local/bin/node /usr/local/bin/npm
1 info using npm@8.16.0
2 info using node@v18.7.0
3 timing npm:load:whichnode Completed in 0ms
4 timing config:load:defaults Completed in 2ms
5 timing config:load:file:/usr/local/lib/node_modules/npm/npmrc Completed in 5ms
6 timing config:load:builtin Completed in 6ms
7 timing config:load:cli Completed in 1ms
8 timing config:load:env Completed in 1ms
9 timing config:load:project Completed in 22ms
10 timing config:load:file:/home/container/.npmrc Completed in 0ms
11 timing config:load:user Completed in 0ms
12 timing config:load:file:/usr/local/etc/npmrc Completed in 2ms
13 timing config:load:global Completed in 2ms
14 timing config:load:validate Completed in 0ms
15 timing config:load:credentials Completed in 2ms
16 timing config:load:setEnvs Completed in 1ms
17 timing config:load Completed in 38ms
18 timing npm:load:configload Completed in 38ms
19 timing npm:load:mkdirpcache Completed in 2ms
20 timing npm:load:mkdirplogs Completed in 1ms
21 verbose title npm install
22 verbose argv "install"
23 timing npm:load:setTitle Completed in 2ms
24 timing config:load:flatten Completed in 4ms
25 timing npm:load:display Completed in 7ms
26 verbose logfile logs-max:10 dir:/home/container/.npm/_logs
27 verbose logfile /home/container/.npm/_logs/2022-08-11T13_34_41_063Z-debug-0.log
28 timing npm:load:logFile Completed in 6ms
29 timing npm:load:timers Completed in 0ms
30 timing npm:load:configScope Completed in 0ms
31 timing npm:load Completed in 57ms
32 timing arborist:ctor Completed in 1ms
33 silly logfile done cleaning log files
34 timing idealTree:init Completed in 1004ms
35 timing idealTree:userRequests Completed in 0ms
36 silly idealTree buildDeps
37 timing idealTree:#root Completed in 1ms
38 timing idealTree:buildDeps Completed in 5ms
39 timing idealTree:fixDepFlags Completed in 0ms
40 timing idealTree Completed in 1029ms
41 timing arborist:ctor Completed in 0ms
42 timing reify:loadTrees Completed in 1805ms
43 timing reify:diffTrees Completed in 171ms
44 silly reify moves {}
45 timing reify:retireShallow Completed in 3ms
46 timing reify:createSparse Completed in 20ms
47 timing reify:loadBundles Completed in 0ms
48 silly audit bulk request {
48 silly audit   '@discordjs/builders': [ '1.1.0' ],
48 silly audit   'discord-api-types': [ '0.36.3', '0.37.2' ],
48 silly audit   '@discordjs/collection': [ '1.0.1' ],
48 silly audit   '@discordjs/rest': [ '1.0.1' ],
48 silly audit   '@opencensus/core': [ '0.0.9', '0.0.8' ],
48 silly audit   '@opencensus/propagation-b3': [ '0.0.8' ],
48 silly audit   '@pm2/agent': [ '2.0.1' ],
48 silly audit   debug: [ '4.3.4', '3.2.7' ],
48 silly audit   ms: [ '2.1.2', '2.1.3' ],
48 silly audit   semver: [ '7.2.3', '6.3.0', '7.3.7', '5.7.1', '7.0.0' ],
48 silly audit   ws: [ '7.4.6', '7.5.9', '8.8.1' ],
48 silly audit   '@pm2/io': [ '5.0.0' ],
48 silly audit   async: [ '2.6.4', '3.2.4' ],
48 silly audit   eventemitter2: [ '6.4.7', '5.0.1', '0.4.14' ],
48 silly audit   tslib: [ '1.9.3', '2.4.0' ],
48 silly audit   '@pm2/js-api': [ '0.6.7' ],
48 silly audit   axios: [ '0.21.4', '0.27.2' ],
48 silly audit   '@pm2/pm2-version-check': [ '1.0.4' ],
48 silly audit   '@sapphire/async-queue': [ '1.4.0' ],
48 silly audit   '@sapphire/shapeshift': [ '3.5.1' ],
48 silly audit   '@sapphire/snowflake': [ '3.2.2' ],
48 silly audit   '@sindresorhus/is': [ '5.3.0', '4.6.0' ],
48 silly audit   '@szmarczak/http-timer': [ '5.0.1', '4.0.6' ],
48 silly audit   '@tokenizer/token': [ '0.3.0' ],
48 silly audit   '@tootallnate/once': [ '1.1.2', '2.0.0' ],
48 silly audit   '@types/cacheable-request': [ '6.0.2' ],
48 silly audit   '@types/http-cache-semantics': [ '4.0.1' ],
48 silly audit   '@types/json-buffer': [ '3.0.0' ],
48 silly audit   '@types/keyv': [ '3.1.4' ],
48 silly audit   '@types/node': [ '18.7.1' ],
48 silly audit   '@types/responselike': [ '1.0.0' ],
48 silly audit   '@types/ws': [ '8.5.3' ],
48 silly audit   abbrev: [ '1.1.1' ],
48 silly audit   acorn: [ '8.8.0' ],
48 silly audit   'acorn-walk': [ '8.2.0' ],
48 silly audit   'agent-base': [ '6.0.2' ],
48 silly audit   amdefine: [ '1.0.1' ],
48 silly audit   amp: [ '0.3.1' ],
48 silly audit   'amp-message': [ '0.1.2' ],
48 silly audit   'ansi-colors': [ '4.1.3' ],
48 silly audit   'ansi-styles': [ '4.3.0' ],
48 silly audit   'any-promise': [ '1.3.0' ],
48 silly audit   anymatch: [ '3.1.2' ],
48 silly audit   argparse: [ '1.0.10' ],
48 silly audit   'sprintf-js': [ '1.0.3', '1.1.2' ],
48 silly audit   'ast-types': [ '0.13.4' ],
48 silly audit   'async-listener': [ '0.6.10' ],
48 silly audit   asynckit: [ '0.4.0' ],
48 silly audit   'balanced-match': [ '1.0.2' ],
48 silly audit   barse: [ '0.4.3' ],
48 silly audit   'binary-extensions': [ '2.2.0' ],
48 silly audit   blessed: [ '0.1.81' ],
48 silly audit   bodec: [ '0.1.0' ],
48 silly audit   boolbase: [ '1.0.0' ],
48 silly audit   'brace-expansion': [ '1.1.11', '2.0.1' ],
48 silly audit   braces: [ '3.0.2' ],
48 silly audit   'buffer-from': [ '1.1.2' ],
48 silly audit   bufferutil: [ '4.0.6' ],
48 silly audit   bytes: [ '3.1.2' ],
48 silly audit   'cacheable-lookup': [ '6.1.0', '5.0.4' ],
48 silly audit   'cacheable-request': [ '7.0.2' ],
48 silly audit   'get-stream': [ '5.2.0', '6.0.1' ],
48 silly audit   'lowercase-keys': [ '2.0.0', '3.0.0' ],
48 silly audit   chalk: [ '3.0.0', '4.1.2' ],
48 silly audit   'has-flag': [ '4.0.0', '3.0.0' ],
48 silly audit   'supports-color': [ '7.2.0', '5.5.0' ],
48 silly audit   charm: [ '0.1.2' ],
48 silly audit   cheerio: [ '1.0.0-rc.12' ],
48 silly audit   'cheerio-select': [ '2.1.0' ],
48 silly audit   chokidar: [ '3.5.3' ],
48 silly audit   'cli-tableau': [ '2.0.1' ],
48 silly audit   'clone-response': [ '1.0.3' ],
48 silly audit   'color-convert': [ '2.0.1' ],
48 silly audit   'color-name': [ '1.1.4' ],
48 silly audit   'combined-stream': [ '1.0.8' ],
48 silly audit   commander: [ '2.8.1', '2.15.1' ],
48 silly audit   'compress-brotli': [ '1.3.8' ],
48 silly audit   compressjs: [ '1.0.3' ],
48 silly audit   'concat-map': [ '0.0.1' ],
48 silly audit   configstore: [ '6.0.0' ],
48 silly audit   'continuation-local-storage': [ '3.2.1' ],
48 silly audit   'core-util-is': [ '1.0.3' ],
48 silly audit   croner: [ '4.1.97' ],
48 silly audit   crypto: [ '1.0.1' ],
48 silly audit   'crypto-random-string': [ '4.0.0' ],
48 silly audit   'css-select': [ '5.1.0' ],
48 silly audit   'css-what': [ '6.1.0' ],
48 silly audit   culvert: [ '0.1.2' ],
48 silly audit   'data-uri-to-buffer': [ '3.0.1' ],
48 silly audit   dayjs: [ '1.8.36' ],
48 silly audit   'decompress-response': [ '6.0.0' ],
48 silly audit   'mimic-response': [ '3.1.0', '1.0.1' ],
48 silly audit   'deep-is': [ '0.1.4' ],
48 silly audit   'defer-to-connect': [ '2.0.1' ],
48 silly audit   degenerator: [ '3.0.2' ],
48 silly audit   'delayed-stream': [ '1.0.0' ],
48 silly audit   denque: [ '2.1.0' ],
48 silly audit   depd: [ '2.0.0', '1.1.2' ],
48 silly audit   'detect-indent': [ '6.0.0' ],
48 silly audit   'discord.js': [ '14.2.0' ],
48 silly audit   docopt: [ '0.6.2' ],
48 silly audit   'dom-serializer': [ '2.0.0' ],
48 silly audit   domelementtype: [ '2.3.0' ],
48 silly audit   domhandler: [ '5.0.3' ],
48 silly audit   domutils: [ '3.0.1' ],
48 silly audit   'dot-json': [ '1.2.2' ],
48 silly audit   'dot-prop': [ '6.0.1' ],
48 silly audit   dotenv: [ '16.0.1' ],
48 silly audit   'emitter-listener': [ '1.1.2' ],
48 silly audit   'end-of-stream': [ '1.4.4' ],
48 silly audit   enquirer: [ '2.3.6' ],
48 silly audit   entities: [ '4.3.1' ],
48 silly audit   'escape-string-regexp': [ '4.0.0' ],
48 silly audit   escodegen: [ '1.14.3' ],
48 silly audit   esprima: [ '4.0.1' ],
48 silly audit   estraverse: [ '4.3.0' ],
48 silly audit   esutils: [ '2.0.3' ],
48 silly audit   'event-to-promise': [ '0.7.0' ],
48 silly audit   'fast-deep-equal': [ '3.1.3' ],
48 silly audit   'fast-json-patch': [ '3.1.1' ],
48 silly audit   'fast-levenshtein': [ '2.0.6' ],
48 silly audit   fclone: [ '1.0.11' ],
48 silly audit   'file-type': [ '17.1.6' ],
48 silly audit   'file-uri-to-path': [ '2.0.0' ],
48 silly audit   'fill-range': [ '7.0.1' ],
48 silly audit   'follow-redirects': [ '1.15.1' ],
48 silly audit   'form-data': [ '4.0.0' ],
48 silly audit   'form-data-encoder': [ '2.0.1' ],
48 silly audit   fs: [ '0.0.1-security' ],
48 silly audit   'fs-extra': [ '8.1.0' ],
48 silly audit   'fs.realpath': [ '1.0.0' ],
48 silly audit   fsevents: [ '2.3.2' ],
48 silly audit   ftp: [ '0.3.10' ],
48 silly audit   'readable-stream': [ '1.1.14', '1.0.34', '3.6.0', '2.3.7' ],
48 silly audit   'function-bind': [ '1.1.1' ],
48 silly audit   gamedig: [ '4.0.5' ],
48 silly audit   gbxremote: [ '0.2.1' ],
48 silly audit   'generate-function': [ '2.3.1' ],
48 silly audit   'get-uri': [ '3.0.2' ],
48 silly audit   'git-node-fs': [ '1.0.0' ],
48 silly audit   'git-sha1': [ '0.1.2' ],
48 silly audit   glob: [ '7.2.3', '8.0.3' ],
48 silly audit   'glob-parent': [ '5.1.2' ],
48 silly audit   got: [ '12.3.1', '11.8.5' ],
48 silly audit   'graceful-fs': [ '4.2.10' ],
48 silly audit   'graceful-readlink': [ '1.0.1' ],
48 silly audit   has: [ '1.0.3' ],
48 silly audit   htmlparser2: [ '8.0.1' ],
48 silly audit   'http-cache-semantics': [ '4.1.0' ],
48 silly audit   'http-errors': [ '2.0.0' ],
48 silly audit   'http-proxy-agent': [ '4.0.1', '5.0.0' ],
48 silly audit   'http2-wrapper': [ '2.1.11', '1.0.3' ],
48 silly audit   'https-proxy-agent': [ '5.0.1' ],
48 silly audit   'humanize-duration': [ '3.27.2' ],
48 silly audit   'iconv-lite': [ '0.6.3', '0.4.24' ],
48 silly audit   ieee754: [ '1.2.1' ],
48 silly audit   'ignore-by-default': [ '1.0.1' ],
48 silly audit   imurmurhash: [ '0.1.4' ],
48 silly audit   inflight: [ '1.0.6' ],
48 silly audit   inherits: [ '2.0.4', '2.0.3' ],
48 silly audit   ini: [ '1.3.8', '3.0.0' ],
48 silly audit   ip: [ '1.1.8', '2.0.0' ],
48 silly audit   'is-binary-path': [ '2.1.0' ],
48 silly audit   'is-core-module': [ '2.10.0' ],
48 silly audit   'is-extglob': [ '2.1.1' ],
48 silly audit   'is-glob': [ '4.0.3' ],
48 silly audit   'is-keyword-js': [ '1.0.3' ],
48 silly audit   'is-number': [ '7.0.0' ],
48 silly audit   'is-obj': [ '2.0.0' ],
48 silly audit   'is-property': [ '1.0.2' ],
48 silly audit   'is-typedarray': [ '1.0.0' ],
48 silly audit   'is-url': [ '1.2.4' ],
48 silly audit   isarray: [ '0.0.1', '1.0.0' ],
48 silly audit   'js-git': [ '0.7.8' ],
48 silly audit   'json-buffer': [ '3.0.1' ],
48 silly audit   'json-stringify-safe': [ '5.0.1' ],
48 silly audit   jsonfile: [ '4.0.0' ],
48 silly audit   keyv: [ '4.3.3' ],
48 silly audit   lazy: [ '1.0.11' ],
48 silly audit   levn: [ '0.3.0' ],
48 silly audit   lodash: [ '4.17.21' ],
48 silly audit   'lodash.clonedeep': [ '4.5.0' ],
48 silly audit   'lodash.snakecase': [ '4.1.1' ],
48 silly audit   'lodash.uniqwith': [ '4.5.0' ],
48 silly audit   'log-driver': [ '1.2.7' ],
48 silly audit   long: [ '5.2.0', '4.0.0' ],
48 silly audit   'lru-cache': [ '6.0.0', '4.1.5', '5.1.1', '7.13.2' ],
48 silly audit   'mime-db': [ '1.52.0' ],
48 silly audit   'mime-types': [ '2.1.35' ],
48 silly audit   minimatch: [ '3.1.2', '5.1.0' ],
48 silly audit   minimist: [ '1.2.6' ],
48 silly audit   mkdirp: [ '1.0.4' ],
48 silly audit   'module-details-from-path': [ '1.0.3' ],
48 silly audit   moment: [ '2.29.4' ],
48 silly audit   'mute-stream': [ '0.0.8' ],
48 silly audit   mysql2: [ '2.3.3' ],
48 silly audit   'named-placeholders': [ '1.1.2' ],
48 silly audit   yallist: [ '2.1.2', '3.1.1', '4.0.0' ],
48 silly audit   needle: [ '2.4.0' ],
48 silly audit   netmask: [ '2.0.2' ],
48 silly audit   'node-gyp-build': [ '4.5.0' ],
48 silly audit   'node-os-utils': [ '1.3.7' ],
48 silly audit   nodemon: [ '2.0.19' ],
48 silly audit   nopt: [ '1.0.10', '5.0.0', '6.0.0' ],
48 silly audit   'normalize-path': [ '3.0.0' ],
48 silly audit   'normalize-url': [ '6.1.0' ],
48 silly audit   npm: [ '8.17.0' ],
48 silly audit   once: [ '1.4.0' ],
48 silly audit   'path-is-absolute': [ '1.0.1' ],
48 silly audit   read: [ '1.0.7' ],
48 silly audit   'safe-buffer': [ '5.2.1', '5.1.2' ],
48 silly audit   'safer-buffer': [ '2.1.2' ],
48 silly audit   'signal-exit': [ '3.0.7' ],
48 silly audit   'smart-buffer': [ '4.2.0' ],
48 silly audit   socks: [ '2.7.0' ],
48 silly audit   'socks-proxy-agent': [ '5.0.1', '7.0.0' ],
48 silly audit   string_decoder: [ '1.3.0', '0.10.31', '1.1.1' ],
48 silly audit   'util-deprecate': [ '1.0.2' ],
48 silly audit   wrappy: [ '1.0.2' ],
48 silly audit   'write-file-atomic': [ '3.0.3', '4.0.1' ],
48 silly audit   nssocket: [ '0.6.0' ],
48 silly audit   'nth-check': [ '2.1.1' ],
48 silly audit   'num-or-not': [ '1.0.1' ],
48 silly audit   optionator: [ '0.8.3' ],
48 silly audit   os: [ '0.1.2' ],
48 silly audit   'p-cancelable': [ '3.0.0', '2.1.1' ],
48 silly audit   'pac-proxy-agent': [ '5.0.0' ],
48 silly audit   'pac-resolver': [ '5.0.1' ],
48 silly audit   pako: [ '0.2.9' ],
48 silly audit   parse5: [ '7.0.0' ],
48 silly audit   'parse5-htmlparser2-tree-adapter': [ '7.0.0' ],
48 silly audit   path: [ '0.12.7' ],
48 silly audit   'path-parse': [ '1.0.7' ],
48 silly audit   'peek-readable': [ '5.0.0' ],
48 silly audit   picomatch: [ '2.3.1' ],
48 silly audit   pidusage: [ '3.0.0', '2.0.21' ],
48 silly audit   pm2: [ '5.2.0' ],
48 silly audit   'pm2-axon': [ '4.0.1' ],
48 silly audit   'pm2-axon-rpc': [ '0.7.1' ],
48 silly audit   'pm2-deploy': [ '1.0.2' ],
48 silly audit   'pm2-multimeter': [ '0.1.2' ],
48 silly audit   'pm2-sysmonit': [ '1.2.8' ],
48 silly audit   'prelude-ls': [ '1.1.2' ],
48 silly audit   process: [ '0.11.10' ],
48 silly audit   'process-nextick-args': [ '2.0.1' ],
48 silly audit   promptly: [ '2.2.0' ],
48 silly audit   'proxy-agent': [ '5.0.0' ],
48 silly audit   'proxy-from-env': [ '1.1.0' ],
48 silly audit   pseudomap: [ '1.0.2' ],
48 silly audit   'pstree.remy': [ '1.1.8' ],
48 silly audit   pump: [ '3.0.0' ],
48 silly audit   punycode: [ '2.1.1' ],
48 silly audit   'quick-lru': [ '5.1.1' ],
48 silly audit   'raw-body': [ '2.5.1' ],
48 silly audit   'readable-web-to-node-stream': [ '3.0.2' ],
48 silly audit   readdirp: [ '3.6.0' ],
48 silly audit   'require-in-the-middle': [ '5.1.0' ],
48 silly audit   resolve: [ '1.22.1' ],
48 silly audit   'resolve-alpn': [ '1.2.1' ],
48 silly audit   responselike: [ '2.0.1' ],
48 silly audit   'run-series': [ '1.1.9' ],
48 silly audit   'safe-eval': [ '0.4.1' ],
48 silly audit   sax: [ '1.2.4' ],
48 silly audit   'seq-queue': [ '0.0.5' ],
48 silly audit   setprototypeof: [ '1.2.0' ],
48 silly audit   shimmer: [ '1.2.1' ],
48 silly audit   'simple-update-notifier': [ '1.0.7' ],
48 silly audit   'source-map': [ '0.6.1' ],
48 silly audit   'source-map-support': [ '0.5.19' ],
48 silly audit   sqlstring: [ '2.3.3' ],
48 silly audit   statuses: [ '2.0.1' ],
48 silly audit   'string-to-stream': [ '1.1.1' ],
48 silly audit   strtok3: [ '7.0.0' ],
48 silly audit   'supports-preserve-symlinks-flag': [ '1.0.0' ],
48 silly audit   systeminformation: [ '5.12.4' ],
48 silly audit   'to-regex-range': [ '5.0.1' ],
48 silly audit   toidentifier: [ '1.0.1' ],
48 silly audit   'token-types': [ '5.0.1' ],
48 silly audit   touch: [ '3.1.0' ],
48 silly audit   'translate-google': [ '1.5.0' ],
48 silly audit   trim: [ '0.0.1' ],
48 silly audit   'ts-mixer': [ '6.0.1' ],
48 silly audit   tv4: [ '1.3.0' ],
48 silly audit   tx2: [ '1.0.5' ],
48 silly audit   'type-check': [ '0.3.2' ],
48 silly audit   'type-fest': [ '1.4.0' ],
48 silly audit   'typedarray-to-buffer': [ '3.1.5' ],
48 silly audit   undefsafe: [ '2.0.5' ],
48 silly audit   underscore: [ '1.13.4' ],
48 silly audit   'underscore-keypath': [ '0.0.22' ],
48 silly audit   undici: [ '5.8.2' ],
48 silly audit   'unique-string': [ '3.0.0' ],
48 silly audit   universalify: [ '0.1.2' ],
48 silly audit   unpipe: [ '1.0.0' ],
48 silly audit   'user-agents': [ '1.0.1104' ],
48 silly audit   util: [ '0.10.4' ],
48 silly audit   uuid: [ '3.4.0' ],
48 silly audit   varint: [ '6.0.0' ],
48 silly audit   vizion: [ '2.2.1' ],
48 silly audit   vm2: [ '3.9.10' ],
48 silly audit   'word-wrap': [ '1.2.3' ],
48 silly audit   'xdg-basedir': [ '5.1.0' ],
48 silly audit   xmlbuilder: [ '8.2.2' ],
48 silly audit   xmlrpc: [ '1.3.2' ],
48 silly audit   xregexp: [ '2.0.0' ],
48 silly audit   yamljs: [ '0.3.0' ],
48 silly audit   '@colors/colors': [ '1.5.0' ],
48 silly audit   '@gar/promisify': [ '1.1.3' ],
48 silly audit   '@isaacs/string-locale-compare': [ '1.1.0' ],
48 silly audit   '@npmcli/arborist': [ '5.5.0' ],
48 silly audit   '@npmcli/ci-detect': [ '2.0.0' ],
48 silly audit   '@npmcli/config': [ '4.2.1' ],
48 silly audit   '@npmcli/disparity-colors': [ '2.0.0' ],
48 silly audit   '@npmcli/fs': [ '2.1.1' ],
48 silly audit   '@npmcli/git': [ '3.0.1' ],
48 silly audit   '@npmcli/installed-package-contents': [ '1.0.7' ],
48 silly audit   '@npmcli/map-workspaces': [ '2.0.4' ],
48 silly audit   '@npmcli/metavuln-calculator': [ '3.1.1' ],
48 silly audit   '@npmcli/move-file': [ '2.0.0' ],
48 silly audit   '@npmcli/name-from-folder': [ '1.0.1' ],
48 silly audit   '@npmcli/node-gyp': [ '2.0.0' ],
48 silly audit   '@npmcli/package-json': [ '2.0.0' ],
48 silly audit   '@npmcli/promise-spawn': [ '3.0.0' ],
48 silly audit   '@npmcli/query': [ '1.1.1' ],
48 silly audit   '@npmcli/run-script': [ '4.2.1' ],
48 silly audit   agentkeepalive: [ '4.2.1' ],
48 silly audit   'aggregate-error': [ '3.1.0' ],
48 silly audit   'ansi-regex': [ '5.0.1' ],
48 silly audit   aproba: [ '2.0.0' ],
48 silly audit   archy: [ '1.0.0' ],
48 silly audit   'are-we-there-yet': [ '3.0.1' ],
48 silly audit   asap: [ '2.0.6' ],
48 silly audit   'bin-links': [ '3.0.1' ],
48 silly audit   builtins: [ '5.0.1' ],
48 silly audit   cacache: [ '16.1.1' ],
48 silly audit   chownr: [ '2.0.0' ],
48 silly audit   'cidr-regex': [ '3.1.1' ],
48 silly audit   'clean-stack': [ '2.2.0' ],
48 silly audit   'cli-columns': [ '4.0.0' ],
48 silly audit   'cli-table3': [ '0.6.2' ],
48 silly audit   clone: [ '1.0.4' ],
48 silly audit   'cmd-shim': [ '5.0.0' ],
48 silly audit   'color-support': [ '1.1.3' ],
48 silly audit   columnify: [ '1.6.0' ],
48 silly audit   'common-ancestor-path': [ '1.0.1' ],
48 silly audit   'console-control-strings': [ '1.1.0' ],
48 silly audit   cssesc: [ '3.0.0' ],
48 silly audit   debuglog: [ '1.0.1' ],
48 silly audit   defaults: [ '1.0.3' ],
48 silly audit   delegates: [ '1.0.0' ],
48 silly audit   dezalgo: [ '1.0.4' ],
48 silly audit   diff: [ '5.0.0' ],
48 silly audit   'emoji-regex': [ '8.0.0' ],
48 silly audit   encoding: [ '0.1.13' ],
48 silly audit   'env-paths': [ '2.2.1' ],
48 silly audit   'err-code': [ '2.0.3' ],
48 silly audit   'fastest-levenshtein': [ '1.0.12' ],
48 silly audit   'fs-minipass': [ '2.1.0' ],
48 silly audit   gauge: [ '4.0.4' ],
48 silly audit   'has-unicode': [ '2.0.1' ],
48 silly audit   'hosted-git-info': [ '5.0.0' ],
48 silly audit   'humanize-ms': [ '1.2.1' ],
48 silly audit   'ignore-walk': [ '5.0.1' ],
48 silly audit   'indent-string': [ '4.0.0' ],
48 silly audit   'infer-owner': [ '1.0.4' ],
48 silly audit   'init-package-json': [ '3.0.2' ],
48 silly audit   'ip-regex': [ '4.3.0' ],
48 silly audit   'is-cidr': [ '4.0.2' ],
48 silly audit   'is-fullwidth-code-point': [ '3.0.0' ],
48 silly audit   'is-lambda': [ '1.0.1' ],
48 silly audit   isexe: [ '2.0.0' ],
48 silly audit   'json-parse-even-better-errors': [ '2.3.1' ],
48 silly audit   'json-stringify-nice': [ '1.1.4' ],
48 silly audit   jsonparse: [ '1.3.1' ],
48 silly audit   'just-diff': [ '5.1.1' ],
48 silly audit   'just-diff-apply': [ '5.4.1' ],
48 silly audit   libnpmaccess: [ '6.0.3' ],
48 silly audit   libnpmdiff: [ '4.0.4' ],
48 silly audit   libnpmexec: [ '4.0.10' ],
48 silly audit   libnpmfund: [ '3.0.2' ],
48 silly audit   libnpmhook: [ '8.0.3' ],
48 silly audit   libnpmorg: [ '4.0.3' ],
48 silly audit   libnpmpack: [ '4.1.2' ],
48 silly audit   libnpmpublish: [ '6.0.4' ],
48 silly audit   libnpmsearch: [ '5.0.3' ],
48 silly audit   libnpmteam: [ '4.0.3' ],
48 silly audit   libnpmversion: [ '3.0.6' ],
48 silly audit   'make-fetch-happen': [ '10.2.0' ],
48 silly audit   minipass: [ '3.3.4' ],
48 silly audit   'minipass-collect': [ '1.0.2' ],
48 silly audit   'minipass-fetch': [ '2.1.0' ],
48 silly audit   'minipass-flush': [ '1.0.5' ],
48 silly audit   'minipass-json-stream': [ '1.0.1' ],
48 silly audit   'minipass-pipeline': [ '1.2.4' ],
48 silly audit   'minipass-sized': [ '1.0.3' ],
48 silly audit   minizlib: [ '2.1.2' ],
48 silly audit   'mkdirp-infer-owner': [ '2.0.0' ],
48 silly audit   negotiator: [ '0.6.3' ],
48 silly audit   'node-gyp': [ '9.1.0' ],
48 silly audit   'normalize-package-data': [ '4.0.0' ],
48 silly audit   'npm-audit-report': [ '3.0.0' ],
48 silly audit   'npm-bundled': [ '1.1.2' ],
48 silly audit   'npm-install-checks': [ '5.0.0' ],
48 silly audit   'npm-normalize-package-bin': [ '1.0.1' ],
48 silly audit   'npm-package-arg': [ '9.1.0' ],
48 silly audit   'npm-packlist': [ '5.1.1' ],
48 silly audit   'npm-pick-manifest': [ '7.0.1' ],
48 silly audit   'npm-profile': [ '6.2.1' ],
48 silly audit   'npm-registry-fetch': [ '13.3.0' ],
48 silly audit   'npm-user-validate': [ '1.0.1' ],
48 silly audit   npmlog: [ '6.0.2' ],
48 silly audit   opener: [ '1.5.2' ],
48 silly audit   'p-map': [ '4.0.0' ],
48 silly audit   pacote: [ '13.6.1' ],
48 silly audit   'parse-conflict-json': [ '2.0.2' ],
48 silly audit   'postcss-selector-parser': [ '6.0.10' ],
48 silly audit   'proc-log': [ '2.0.1' ],
48 silly audit   'promise-all-reject-late': [ '1.0.1' ],
48 silly audit   'promise-call-limit': [ '1.0.1' ],
48 silly audit   'promise-inflight': [ '1.0.1' ],
48 silly audit   'promise-retry': [ '2.0.1' ],
48 silly audit   promzard: [ '0.3.0' ],
48 silly audit   'qrcode-terminal': [ '0.12.0' ],
48 silly audit   'read-cmd-shim': [ '3.0.0' ],
48 silly audit   'read-package-json': [ '5.0.1' ],
48 silly audit   'read-package-json-fast': [ '2.0.3' ],
48 silly audit   'readdir-scoped-modules': [ '1.1.0' ],
48 silly audit   retry: [ '0.12.0' ],
48 silly audit   rimraf: [ '3.0.2' ],
48 silly audit   'set-blocking': [ '2.0.0' ],
48 silly audit   'spdx-correct': [ '3.1.1' ],
48 silly audit   'spdx-exceptions': [ '2.3.0' ],
48 silly audit   'spdx-expression-parse': [ '3.0.1' ],
48 silly audit   'spdx-license-ids': [ '3.0.11' ],
48 silly audit   ssri: [ '9.0.1' ],
48 silly audit   'string-width': [ '4.2.3' ],
48 silly audit   'strip-ansi': [ '6.0.1' ],
48 silly audit   tar: [ '6.1.11' ],
48 silly audit   'text-table': [ '0.2.0' ],
48 silly audit   'tiny-relative-date': [ '1.3.0' ],
48 silly audit   treeverse: [ '2.0.0' ],
48 silly audit   'unique-filename': [ '1.1.1' ],
48 silly audit   'unique-slug': [ '2.0.2' ],
48 silly audit   'validate-npm-package-license': [ '3.0.4' ],
48 silly audit   'validate-npm-package-name': [ '4.0.0' ],
48 silly audit   'walk-up-path': [ '1.0.0' ],
48 silly audit   wcwidth: [ '1.0.1' ],
48 silly audit   which: [ '2.0.2' ],
48 silly audit   'wide-align': [ '1.1.5' ]
48 silly audit }
49 verbose reify failed optional dependency /home/container/node_modules/fsevents
50 silly reify mark deleted [ '/home/container/node_modules/fsevents' ]
51 timing reifyNode:node_modules/fsevents Completed in 87ms
52 timing reify:unpack Completed in 87ms
53 timing reify:unretire Completed in 0ms
54 timing build:queue Completed in 14ms
55 timing build:deps Completed in 14ms
56 timing build Completed in 14ms
57 timing reify:build Completed in 15ms
58 timing reify:trash Completed in 22ms
59 timing reify:save Completed in 375ms
60 http fetch POST 200 https://registry.npmjs.org/-/npm/v1/security/advisories/bulk 840ms
61 timing auditReport:getReport Completed in 858ms
62 silly audit report {
62 silly audit report   trim: [
62 silly audit report     {
62 silly audit report       id: 1070259,
62 silly audit report       url: 'https://github.com/advisories/GHSA-w5p7-h5w8-2hfq',
62 silly audit report       title: 'Regular Expression Denial of Service in trim',
62 silly audit report       severity: 'high',
62 silly audit report       vulnerable_versions: '<0.0.3',
62 silly audit report       cwe: [Array],
62 silly audit report       cvss: [Object]
62 silly audit report     }
62 silly audit report   ],
62 silly audit report   'safe-eval': [
62 silly audit report     {
62 silly audit report       id: 1068736,
62 silly audit report       url: 'https://github.com/advisories/GHSA-9pcf-h8q9-63f6',
62 silly audit report       title: 'Sandbox Breakout / Arbitrary Code Execution in safe-eval',
62 silly audit report       severity: 'high',
62 silly audit report       vulnerable_versions: '>=0.0.0',
62 silly audit report       cwe: [],
62 silly audit report       cvss: [Object]
62 silly audit report     },
62 silly audit report     {
62 silly audit report       id: 1069305,
62 silly audit report       url: 'https://github.com/advisories/GHSA-hrpq-r399-whgw',
62 silly audit report       title: 'Sandbox Breakout / Arbitrary Code Execution in safe-eval',
62 silly audit report       severity: 'critical',
62 silly audit report       vulnerable_versions: '<=0.4.1',
62 silly audit report       cwe: [Array],
62 silly audit report       cvss: [Object]
62 silly audit report     }
62 silly audit report   ]
62 silly audit report }
63 timing metavuln:cache:get:security-advisory:safe-eval:FXRaBFnipYnbAc4YD0nk9aVI9s8dWOvQterQnhMPF+dEx1jFAyW8zhqUR+EO5VliZ1H3MZOFWwuR1f6n4SHggw== Completed in 18ms
64 timing metavuln:cache:get:security-advisory:safe-eval:mWDerIbSEnAB1+zBYpQLr48ONtXlovaD9nL/OC05f4ZMy62G233Kditm8HQ6V6dMakJkTCh9HlUCjA+GizQseA== Completed in 19ms
65 timing metavuln:cache:get:security-advisory:trim:4dW2LveomrMg5KapPeHD0MLKFDN6LSwHuP3Lyq8fyBd+QyHGMqoqnjj+effUNG/F0QV84gmSB+WBjnMBomTxyQ== Completed in 21ms
66 http fetch GET 200 https://registry.npmjs.org/safe-eval 170ms (cache revalidated)
67 timing metavuln:packument:safe-eval Completed in 172ms
68 timing metavuln:load:security-advisory:safe-eval:1068736 Completed in 1ms
69 timing metavuln:calculate:security-advisory:safe-eval:1068736 Completed in 173ms
70 timing metavuln:load:security-advisory:safe-eval:1069305 Completed in 0ms
71 timing metavuln:calculate:security-advisory:safe-eval:1069305 Completed in 172ms
72 http fetch GET 200 https://registry.npmjs.org/trim 179ms (cache revalidated)
73 timing metavuln:packument:trim Completed in 181ms
74 timing metavuln:load:security-advisory:trim:1070259 Completed in 0ms
75 timing metavuln:calculate:security-advisory:trim:1070259 Completed in 182ms
76 timing metavuln:cache:get:security-advisory:num-or-not:bxemUrLrbK/k4DRldO+bnMvnt9uZc3Vsw7IUS2VafVpb4p6bQGGzUyynMSK9xQSL1DLRC1Emg5nEjmI7G34yYQ== Completed in 39ms
77 http fetch GET 200 https://registry.npmjs.org/num-or-not 875ms (cache revalidated)
78 timing metavuln:packument:num-or-not Completed in 875ms
79 timing metavuln:load:security-advisory:num-or-not:4dW2LveomrMg5KapPeHD0MLKFDN6LSwHuP3Lyq8fyBd+QyHGMqoqnjj+effUNG/F0QV84gmSB+WBjnMBomTxyQ== Completed in 0ms
80 timing metavuln:calculate:security-advisory:num-or-not:4dW2LveomrMg5KapPeHD0MLKFDN6LSwHuP3Lyq8fyBd+QyHGMqoqnjj+effUNG/F0QV84gmSB+WBjnMBomTxyQ== Completed in 876ms
81 timing metavuln:cache:get:security-advisory:translate-google:vqM3vXfQYsLugFlrMGn+Q4i9350XdlAt1oqQRxN0Vrs1wV8VNETOFkHOglu/kmSWGG/bINemPUoIAoJDaDv4+A== Completed in 25ms
82 http fetch GET 200 https://registry.npmjs.org/translate-google 865ms (cache revalidated)
83 timing metavuln:packument:translate-google Completed in 866ms
84 timing metavuln:load:security-advisory:translate-google:mWDerIbSEnAB1+zBYpQLr48ONtXlovaD9nL/OC05f4ZMy62G233Kditm8HQ6V6dMakJkTCh9HlUCjA+GizQseA== Completed in 0ms
85 timing metavuln:calculate:security-advisory:translate-google:mWDerIbSEnAB1+zBYpQLr48ONtXlovaD9nL/OC05f4ZMy62G233Kditm8HQ6V6dMakJkTCh9HlUCjA+GizQseA== Completed in 867ms
86 timing metavuln:cache:get:security-advisory:translate-google:0ddNCpMoDu+Nss5WXghGloSHB3Y7OzD3s/mEdAeUYdFBIFOkqz3ZUQ3SoRsCADejzTbOxRycnKSCEI4aLgw5LA== Completed in 4ms
87 timing metavuln:load:security-advisory:translate-google:bxemUrLrbK/k4DRldO+bnMvnt9uZc3Vsw7IUS2VafVpb4p6bQGGzUyynMSK9xQSL1DLRC1Emg5nEjmI7G34yYQ== Completed in 1ms
88 timing metavuln:calculate:security-advisory:translate-google:bxemUrLrbK/k4DRldO+bnMvnt9uZc3Vsw7IUS2VafVpb4p6bQGGzUyynMSK9xQSL1DLRC1Emg5nEjmI7G34yYQ== Completed in 5ms
89 timing auditReport:init Completed in 1934ms
90 timing reify:audit Completed in 2792ms
91 timing reify Completed in 4810ms
92 silly ADD
93 timing command:install Completed in 4842ms
94 verbose exit 0
95 timing npm Completed in 5051ms
96 info ok
