0 verbose cli /usr/local/bin/node /home/container/node_modules/.bin/npm
1 info using npm@8.17.0
2 info using node@v18.7.0
3 timing npm:load:whichnode Completed in 0ms
4 timing config:load:defaults Completed in 13ms
5 timing config:load:file:/home/container/node_modules/npm/npmrc Completed in 21ms
6 timing config:load:builtin Completed in 21ms
7 timing config:load:cli Completed in 2ms
8 timing config:load:env Completed in 1ms
9 timing config:load:project Completed in 22ms
10 timing config:load:file:/home/container/.npmrc Completed in 0ms
11 timing config:load:user Completed in 0ms
12 timing config:load:file:/usr/local/etc/npmrc Completed in 2ms
13 timing config:load:global Completed in 2ms
14 timing config:load:validate Completed in 1ms
15 timing config:load:credentials Completed in 1ms
16 timing config:load:setEnvs Completed in 1ms
17 timing config:load Completed in 65ms
18 timing npm:load:configload Completed in 65ms
19 timing npm:load:mkdirpcache Completed in 11ms
20 timing npm:load:mkdirplogs Completed in 5ms
21 verbose title npm run pmdelete
22 verbose argv "run" "pmdelete"
23 timing npm:load:setTitle Completed in 2ms
24 timing config:load:flatten Completed in 6ms
25 timing npm:load:display Completed in 8ms
26 verbose logfile logs-max:10 dir:/home/container/.npm/_logs
27 verbose logfile /home/container/.npm/_logs/2022-08-11T13_34_48_688Z-debug-0.log
28 timing npm:load:logFile Completed in 8ms
29 timing npm:load:timers Completed in 0ms
30 timing npm:load:configScope Completed in 0ms
31 timing npm:load Completed in 99ms
32 silly logfile done cleaning log files
33 timing command:run Completed in 828ms
34 verbose exit 0
35 timing npm Completed in 954ms
36 info ok
