0 verbose cli /usr/local/bin/node /home/container/node_modules/.bin/npm
1 info using npm@8.17.0
2 info using node@v18.7.0
3 timing npm:load:whichnode Completed in 0ms
4 timing config:load:defaults Completed in 3ms
5 timing config:load:file:/home/container/node_modules/npm/npmrc Completed in 39ms
6 timing config:load:builtin Completed in 39ms
7 timing config:load:cli Completed in 4ms
8 timing config:load:env Completed in 1ms
9 timing config:load:project Completed in 47ms
10 timing config:load:file:/home/container/.npmrc Completed in 1ms
11 timing config:load:user Completed in 1ms
12 timing config:load:file:/usr/local/etc/npmrc Completed in 5ms
13 timing config:load:global Completed in 6ms
14 timing config:load:validate Completed in 1ms
15 timing config:load:credentials Completed in 1ms
16 timing config:load:setEnvs Completed in 1ms
17 timing config:load Completed in 104ms
18 timing npm:load:configload Completed in 104ms
19 timing npm:load:mkdirpcache Completed in 2ms
20 timing npm:load:mkdirplogs Completed in 26ms
21 verbose title npm run pmlogs
22 verbose argv "run" "pmlogs"
23 timing npm:load:setTitle Completed in 1ms
24 timing config:load:flatten Completed in 4ms
25 timing npm:load:display Completed in 6ms
26 verbose logfile logs-max:10 dir:/home/container/.npm/_logs
27 verbose logfile /home/container/.npm/_logs/2022-08-11T13_34_54_376Z-debug-0.log
28 timing npm:load:logFile Completed in 16ms
29 timing npm:load:timers Completed in 0ms
30 timing npm:load:configScope Completed in 0ms
31 timing npm:load Completed in 156ms
32 silly logfile done cleaning log files
